<?xml version="1.0" encoding="UTF-8"?>
<testng-results ignored="0" total="1" passed="1" failed="0" skipped="0">
  <reporter-output>
  </reporter-output>
  <suite started-at="2023-06-22T16:23:48 IST" name="Default suite" finished-at="2023-06-22T16:23:55 IST" duration-ms="7459">
    <groups>
    </groups>
    <test started-at="2023-06-22T16:23:48 IST" name="Default test" finished-at="2023-06-22T16:23:55 IST" duration-ms="7459">
      <class name="browseropen.Googleclass">
        <test-method signature="Validlogin()[pri:0, instance:browseropen.Googleclass@1b7cc17c]" started-at="2023-06-22T16:23:48 IST" name="Validlogin" finished-at="2023-06-22T16:23:55 IST" duration-ms="7428" status="PASS">
          <reporter-output>
          </reporter-output>
        </test-method> <!-- Validlogin -->
      </class> <!-- browseropen.Googleclass -->
    </test> <!-- Default test -->
  </suite> <!-- Default suite -->
</testng-results>
